Using cached dataset: ~/.cache/longmemeval/longmemeval_s_cleaned.json
Loading dataset from ~/.cache/longmemeval/longmemeval_s_cleaned.json (277.4 MB)...
  Loaded 500 questions
veld server OK at http://127.0.0.1:3030
LongMemEval:   0%|          | 0/500 [00:00<?, ?it/s]LongMemEval:   0%|          | 1/500 [00:27<3:47:38, 27.37s/it]LongMemEval:   0%|          | 2/500 [00:50<3:26:04, 24.83s/it]LongMemEval:   1%|          | 3/500 [01:15<3:27:29, 25.05s/it]LongMemEval:   1%|          | 4/500 [01:47<3:48:55, 27.69s/it]LongMemEval:   1%|          | 5/500 [02:11<3:38:29, 26.48s/it]LongMemEval:   1%|          | 6/500 [02:34<3:27:10, 25.16s/it]LongMemEval:   1%|▏         | 7/500 [02:59<3:26:39, 25.15s/it]LongMemEval:   2%|▏         | 8/500 [03:25<3:29:01, 25.49s/it]LongMemEval:   2%|▏         | 9/500 [03:52<3:30:53, 25.77s/it]LongMemEval:   2%|▏         | 10/500 [04:15<3:23:26, 24.91s/it]LongMemEval:   2%|▏         | 11/500 [04:40<3:23:33, 24.98s/it]LongMemEval:   2%|▏         | 12/500 [05:02<3:16:34, 24.17s/it]LongMemEval:   3%|▎         | 13/500 [05:25<3:12:15, 23.69s/it]LongMemEval:   3%|▎         | 14/500 [05:47<3:07:37, 23.16s/it]LongMemEval:   3%|▎         | 15/500 [06:11<3:11:09, 23.65s/it]LongMemEval:   3%|▎         | 16/500 [06:36<3:11:58, 23.80s/it]LongMemEval:   3%|▎         | 16/500 [06:37<3:20:24, 24.84s/it]
Traceback (most recent call last):
  File "./.venv/lib/python3.14/site-packages/urllib3/connectionpool.py", line 787, in urlopen
    response = self._make_request(
        conn,
    ...<10 lines>...
        **response_kw,
    )
  File "./.venv/lib/python3.14/site-packages/urllib3/connectionpool.py", line 534, in _make_request
    response = conn.getresponse()
  File "./.venv/lib/python3.14/site-packages/urllib3/connection.py", line 571, in getresponse
    httplib_response = super().getresponse()
  File "/opt/homebrew/Cellar/python@3.14/3.14.3_1/Frameworks/Python.framework/Versions/3.14/lib/python3.14/http/client.py", line 1450, in getresponse
    response.begin()
    ~~~~~~~~~~~~~~^^
  File "/opt/homebrew/Cellar/python@3.14/3.14.3_1/Frameworks/Python.framework/Versions/3.14/lib/python3.14/http/client.py", line 336, in begin
    version, status, reason = self._read_status()
                              ~~~~~~~~~~~~~~~~~^^
  File "/opt/homebrew/Cellar/python@3.14/3.14.3_1/Frameworks/Python.framework/Versions/3.14/lib/python3.14/http/client.py", line 305, in _read_status
    raise RemoteDisconnected("Remote end closed connection without"
                             " response")
http.client.RemoteDisconnected: Remote end closed connection without response

During handling of the above exception, another exception occurred:

Traceback (most recent call last):
  File "./.venv/lib/python3.14/site-packages/requests/adapters.py", line 645, in send
    resp = conn.urlopen(
        method=request.method,
    ...<9 lines>...
        chunked=chunked,
    )
  File "./.venv/lib/python3.14/site-packages/urllib3/connectionpool.py", line 841, in urlopen
    retries = retries.increment(
        method, url, error=new_e, _pool=self, _stacktrace=sys.exc_info()[2]
    )
  File "./.venv/lib/python3.14/site-packages/urllib3/util/retry.py", line 490, in increment
    raise reraise(type(error), error, _stacktrace)
          ~~~~~~~^^^^^^^^^^^^^^^^^^^^^^^^^^^^^^^^^
  File "./.venv/lib/python3.14/site-packages/urllib3/util/util.py", line 38, in reraise
    raise value.with_traceback(tb)
  File "./.venv/lib/python3.14/site-packages/urllib3/connectionpool.py", line 787, in urlopen
    response = self._make_request(
        conn,
    ...<10 lines>...
        **response_kw,
    )
  File "./.venv/lib/python3.14/site-packages/urllib3/connectionpool.py", line 534, in _make_request
    response = conn.getresponse()
  File "./.venv/lib/python3.14/site-packages/urllib3/connection.py", line 571, in getresponse
    httplib_response = super().getresponse()
  File "/opt/homebrew/Cellar/python@3.14/3.14.3_1/Frameworks/Python.framework/Versions/3.14/lib/python3.14/http/client.py", line 1450, in getresponse
    response.begin()
    ~~~~~~~~~~~~~~^^
  File "/opt/homebrew/Cellar/python@3.14/3.14.3_1/Frameworks/Python.framework/Versions/3.14/lib/python3.14/http/client.py", line 336, in begin
    version, status, reason = self._read_status()
                              ~~~~~~~~~~~~~~~~~^^
  File "/opt/homebrew/Cellar/python@3.14/3.14.3_1/Frameworks/Python.framework/Versions/3.14/lib/python3.14/http/client.py", line 305, in _read_status
    raise RemoteDisconnected("Remote end closed connection without"
                             " response")
urllib3.exceptions.ProtocolError: ('Connection aborted.', RemoteDisconnected('Remote end closed connection without response'))

During handling of the above exception, another exception occurred:

Traceback (most recent call last):
  File "./benchmarks/longmemeval_eval.py", line 974, in <module>
    main()
    ~~~~^^
  File "./benchmarks/longmemeval_eval.py", line 970, in main
    run_evaluation(args)
    ~~~~~~~~~~~~~~^^^^^^
  File "./benchmarks/longmemeval_eval.py", line 711, in run_evaluation
    ingest_result = ingest_question(client, entry, user_id,
                                    args.granularity)
  File "./benchmarks/longmemeval_eval.py", line 407, in ingest_question
    result = client.remember_batch(user_id, memories, extract_entities=False)
  File "./benchmarks/longmemeval_eval.py", line 138, in remember_batch
    r = self.session.post(f"{self.base_url}/api/remember/batch",
                         json=payload, timeout=120)
  File "./.venv/lib/python3.14/site-packages/requests/sessions.py", line 640, in post
    return self.request("POST", url, data=data, json=json, **kwargs)
           ~~~~~~~~~~~~^^^^^^^^^^^^^^^^^^^^^^^^^^^^^^^^^^^^^^^^^^^^^
  File "./.venv/lib/python3.14/site-packages/requests/sessions.py", line 592, in request
    resp = self.send(prep, **send_kwargs)
  File "./.venv/lib/python3.14/site-packages/requests/sessions.py", line 706, in send
    r = adapter.send(request, **kwargs)
  File "./.venv/lib/python3.14/site-packages/requests/adapters.py", line 660, in send
    raise ConnectionError(err, request=request)
requests.exceptions.ConnectionError: ('Connection aborted.', RemoteDisconnected('Remote end closed connection without response'))
